[32m2025-12-27 15:39:37 +0100[0m - dagster - [34mDEBUG[0m - __ASSET_JOB - 93eb86d5-a681-4787-8207-52371f8ab29c - 70247 - LOGS_CAPTURED - Started capturing logs in process (pid: 70247).
[32m2025-12-27 15:39:37 +0100[0m - dagster - [34mDEBUG[0m - __ASSET_JOB - 93eb86d5-a681-4787-8207-52371f8ab29c - 70247 - ingest_cams_data - STEP_START - Started execution of step "ingest_cams_data".
[32m2025-12-27 15:39:37 +0100[0m - dagster - [34mINFO[0m - __ASSET_JOB - 93eb86d5-a681-4787-8207-52371f8ab29c - ingest_cams_data - Starting ingestion: dataset=cams-europe-air-quality-forecasts-analysis, date=2025-12-27, run_id=019b6040-2e79-72a5-8e8e-e2c48bbdd933
[32m2025-12-27 15:39:37 +0100[0m - dagster - [34mINFO[0m - __ASSET_JOB - 93eb86d5-a681-4787-8207-52371f8ab29c - ingest_cams_data - Running command: docker compose run --rm ingestion --date 2025-12-27 --dataset cams-europe-air-quality-forecasts-analysis --run-id 019b6040-2e79-72a5-8e8e-e2c48bbdd933
[32m2025-12-27 15:39:37 +0100[0m - dagster - [34mINFO[0m - __ASSET_JOB - 93eb86d5-a681-4787-8207-52371f8ab29c - ingest_cams_data - Working directory: /Users/kacper/GolandProjects/jackfruit
[32m2025-12-27 15:39:39 +0100[0m - dagster - [34mINFO[0m - __ASSET_JOB - 93eb86d5-a681-4787-8207-52371f8ab29c - ingest_cams_data - Container stdout:
{"time":"2025-12-27T14:39:38.442808297Z","level":"WARN","msg":"failed to load env vars","error":"open .env: no such file or directory"}
{"time":"2025-12-27T14:39:38.44763413Z","level":"INFO","msg":"submitting execute request","dataset":"cams-europe-air-quality-forecasts"}
{"time":"2025-12-27T14:39:38.447717963Z","level":"DEBUG","msg":"gonna send it now","dataset":"cams-europe-air-quality-forecasts"}
{"time":"2025-12-27T14:39:39.038124089Z","level":"ERROR","msg":"application error","error":"fetch: cds client: failed to submit execute request: cds: execute request failed (status 400)"}

[32m2025-12-27 15:39:39 +0100[0m - dagster - [34mWARNING[0m - __ASSET_JOB - 93eb86d5-a681-4787-8207-52371f8ab29c - ingest_cams_data - Container stderr:
 Container minio  Running


[32m2025-12-27 15:39:39 +0100[0m - dagster - [34mERROR[0m - [31m__ASSET_JOB - 93eb86d5-a681-4787-8207-52371f8ab29c - 70247 - ingest_cams_data - STEP_FAILURE - Execution of step "ingest_cams_data" failed.

dagster._core.definitions.events.Failure: Ingestion container failed with exit code 2

Stack Trace:
  File "/Users/kacper/GolandProjects/jackfruit/pipeline-python/.venv/lib/python3.14/site-packages/dagster/_core/execution/plan/execute_plan.py", line 247, in dagster_event_sequence_for_step
    yield from check.generator(step_events)
  File "/Users/kacper/GolandProjects/jackfruit/pipeline-python/.venv/lib/python3.14/site-packages/dagster/_core/execution/plan/execute_step.py", line 504, in core_dagster_event_sequence_for_step
    for user_event in _step_output_error_checked_user_event_sequence(
                      ~~~~~~~~~~~~~~~~~~~~~~~~~~~~~~~~~~~~~~~~~~~~~~^
        step_context,
        ^^^^^^^^^^^^^
        _process_asset_results_to_events(step_context, user_event_sequence),
        ^^^^^^^^^^^^^^^^^^^^^^^^^^^^^^^^^^^^^^^^^^^^^^^^^^^^^^^^^^^^^^^^^^^^
    ):
    ^
  File "/Users/kacper/GolandProjects/jackfruit/pipeline-python/.venv/lib/python3.14/site-packages/dagster/_core/execution/plan/execute_step.py", line 183, in _step_output_error_checked_user_event_sequence
    for user_event in user_event_sequence:
                      ^^^^^^^^^^^^^^^^^^^
  File "/Users/kacper/GolandProjects/jackfruit/pipeline-python/.venv/lib/python3.14/site-packages/dagster/_core/execution/plan/execute_step.py", line 88, in _process_asset_results_to_events
    for user_event in user_event_sequence:
                      ^^^^^^^^^^^^^^^^^^^
  File "/Users/kacper/GolandProjects/jackfruit/pipeline-python/.venv/lib/python3.14/site-packages/dagster/_core/execution/plan/compute.py", line 188, in execute_core_compute
    for step_output in _yield_compute_results(step_context, inputs, compute_fn, compute_context):
                       ~~~~~~~~~~~~~~~~~~~~~~^^^^^^^^^^^^^^^^^^^^^^^^^^^^^^^^^^^^^^^^^^^^^^^^^^^
  File "/Users/kacper/GolandProjects/jackfruit/pipeline-python/.venv/lib/python3.14/site-packages/dagster/_core/execution/plan/compute.py", line 157, in _yield_compute_results
    for event in iterate_with_context(
                 ~~~~~~~~~~~~~~~~~~~~^
        lambda: op_execution_error_boundary(
        ^^^^^^^^^^^^^^^^^^^^^^^^^^^^^^^^^^^^
    ...<7 lines>...
        user_event_generator,
        ^^^^^^^^^^^^^^^^^^^^^
    ):
    ^
  File "/Users/kacper/GolandProjects/jackfruit/pipeline-python/.venv/lib/python3.14/site-packages/dagster/_utils/__init__.py", line 394, in iterate_with_context
    next_output = next(iterator)
  File "/Users/kacper/GolandProjects/jackfruit/pipeline-python/.venv/lib/python3.14/site-packages/dagster/_core/execution/plan/compute_generator.py", line 135, in _coerce_op_compute_fn_to_iterator
    result = invoke_compute_fn(
        fn, context, kwargs, context_arg_provided, config_arg_class, resource_arg_mapping
    )
  File "/Users/kacper/GolandProjects/jackfruit/pipeline-python/.venv/lib/python3.14/site-packages/dagster/_core/execution/plan/compute_generator.py", line 115, in invoke_compute_fn
    return fn(context, **args_to_pass) if context_arg_provided else fn(**args_to_pass)
           ~~^^^^^^^^^^^^^^^^^^^^^^^^^
  File "/Users/kacper/GolandProjects/jackfruit/pipeline-python/src/pipeline_python/defs/assets.py", line 67, in ingest_cams_data
    raise dg.Failure(
    ...<8 lines>...
    )
[0m
