[32m2025-12-27 15:38:56 +0100[0m - dagster - [34mDEBUG[0m - __ASSET_JOB - 926a92b7-fbc8-4411-b2ad-d393a90fbb28 - 70197 - LOGS_CAPTURED - Started capturing logs in process (pid: 70197).
[32m2025-12-27 15:38:56 +0100[0m - dagster - [34mDEBUG[0m - __ASSET_JOB - 926a92b7-fbc8-4411-b2ad-d393a90fbb28 - 70197 - ingest_cams_data - STEP_START - Started execution of step "ingest_cams_data".
[32m2025-12-27 15:38:56 +0100[0m - dagster - [34mINFO[0m - __ASSET_JOB - 926a92b7-fbc8-4411-b2ad-d393a90fbb28 - ingest_cams_data - Starting ingestion: dataset=cams-europe-air-quality-forecasts-analysis, date=2025-12-27, run_id=019b603f-8f2e-7191-9970-fe74d05d76a9
[32m2025-12-27 15:38:56 +0100[0m - dagster - [34mINFO[0m - __ASSET_JOB - 926a92b7-fbc8-4411-b2ad-d393a90fbb28 - ingest_cams_data - Running command: docker compose run --rm --env-file .env ingestion --date 2025-12-27 --dataset cams-europe-air-quality-forecasts-analysis --run-id 019b603f-8f2e-7191-9970-fe74d05d76a9
[32m2025-12-27 15:38:56 +0100[0m - dagster - [34mINFO[0m - __ASSET_JOB - 926a92b7-fbc8-4411-b2ad-d393a90fbb28 - ingest_cams_data - Working directory: /Users/kacper/GolandProjects/jackfruit
[32m2025-12-27 15:38:57 +0100[0m - dagster - [34mWARNING[0m - __ASSET_JOB - 926a92b7-fbc8-4411-b2ad-d393a90fbb28 - ingest_cams_data - Container stderr:
unknown flag: --env-file

[32m2025-12-27 15:38:57 +0100[0m - dagster - [34mERROR[0m - [31m__ASSET_JOB - 926a92b7-fbc8-4411-b2ad-d393a90fbb28 - 70197 - ingest_cams_data - STEP_FAILURE - Execution of step "ingest_cams_data" failed.

dagster._core.definitions.events.Failure: Ingestion container failed with exit code 1

Stack Trace:
  File "/Users/kacper/GolandProjects/jackfruit/pipeline-python/.venv/lib/python3.14/site-packages/dagster/_core/execution/plan/execute_plan.py", line 247, in dagster_event_sequence_for_step
    yield from check.generator(step_events)
  File "/Users/kacper/GolandProjects/jackfruit/pipeline-python/.venv/lib/python3.14/site-packages/dagster/_core/execution/plan/execute_step.py", line 504, in core_dagster_event_sequence_for_step
    for user_event in _step_output_error_checked_user_event_sequence(
                      ~~~~~~~~~~~~~~~~~~~~~~~~~~~~~~~~~~~~~~~~~~~~~~^
        step_context,
        ^^^^^^^^^^^^^
        _process_asset_results_to_events(step_context, user_event_sequence),
        ^^^^^^^^^^^^^^^^^^^^^^^^^^^^^^^^^^^^^^^^^^^^^^^^^^^^^^^^^^^^^^^^^^^^
    ):
    ^
  File "/Users/kacper/GolandProjects/jackfruit/pipeline-python/.venv/lib/python3.14/site-packages/dagster/_core/execution/plan/execute_step.py", line 183, in _step_output_error_checked_user_event_sequence
    for user_event in user_event_sequence:
                      ^^^^^^^^^^^^^^^^^^^
  File "/Users/kacper/GolandProjects/jackfruit/pipeline-python/.venv/lib/python3.14/site-packages/dagster/_core/execution/plan/execute_step.py", line 88, in _process_asset_results_to_events
    for user_event in user_event_sequence:
                      ^^^^^^^^^^^^^^^^^^^
  File "/Users/kacper/GolandProjects/jackfruit/pipeline-python/.venv/lib/python3.14/site-packages/dagster/_core/execution/plan/compute.py", line 188, in execute_core_compute
    for step_output in _yield_compute_results(step_context, inputs, compute_fn, compute_context):
                       ~~~~~~~~~~~~~~~~~~~~~~^^^^^^^^^^^^^^^^^^^^^^^^^^^^^^^^^^^^^^^^^^^^^^^^^^^
  File "/Users/kacper/GolandProjects/jackfruit/pipeline-python/.venv/lib/python3.14/site-packages/dagster/_core/execution/plan/compute.py", line 157, in _yield_compute_results
    for event in iterate_with_context(
                 ~~~~~~~~~~~~~~~~~~~~^
        lambda: op_execution_error_boundary(
        ^^^^^^^^^^^^^^^^^^^^^^^^^^^^^^^^^^^^
    ...<7 lines>...
        user_event_generator,
        ^^^^^^^^^^^^^^^^^^^^^
    ):
    ^
  File "/Users/kacper/GolandProjects/jackfruit/pipeline-python/.venv/lib/python3.14/site-packages/dagster/_utils/__init__.py", line 394, in iterate_with_context
    next_output = next(iterator)
  File "/Users/kacper/GolandProjects/jackfruit/pipeline-python/.venv/lib/python3.14/site-packages/dagster/_core/execution/plan/compute_generator.py", line 135, in _coerce_op_compute_fn_to_iterator
    result = invoke_compute_fn(
        fn, context, kwargs, context_arg_provided, config_arg_class, resource_arg_mapping
    )
  File "/Users/kacper/GolandProjects/jackfruit/pipeline-python/.venv/lib/python3.14/site-packages/dagster/_core/execution/plan/compute_generator.py", line 115, in invoke_compute_fn
    return fn(context, **args_to_pass) if context_arg_provided else fn(**args_to_pass)
           ~~^^^^^^^^^^^^^^^^^^^^^^^^^
  File "/Users/kacper/GolandProjects/jackfruit/pipeline-python/src/pipeline_python/defs/assets.py", line 68, in ingest_cams_data
    raise dg.Failure(
    ...<8 lines>...
    )
[0m
